<?xml version="1.0" encoding="UTF-8"?>
<!-- Generated by org.testng.reporters.JUnitReportReporter -->
<testsuite hostname="DESKTOP-BEBO489" name="seleniumTest.ListAgentPageTest" tests="3" failures="0" timestamp="9 Sep 2020 22:22:33 GMT" time="0.253" errors="0">
  <testcase name="fifthPropInAgentsListTest" time="0.017" classname="seleniumTest.ListAgentPageTest"/>
  <testcase name="agentPageTest" time="0.020" classname="seleniumTest.ListAgentPageTest"/>
  <testcase name="AgentListedPropertiesTest" time="0.216" classname="seleniumTest.ListAgentPageTest"/>
</testsuite> <!-- seleniumTest.ListAgentPageTest -->
