<?xml version="1.0" encoding="UTF-8"?>
<!-- Generated by org.testng.reporters.JUnitReportReporter -->
<testsuite hostname="DESKTOP-BEBO489" name="seleniumTest.DesiredListPageTest" tests="2" failures="0" timestamp="9 Sep 2020 22:22:33 GMT" time="7.017" errors="0">
  <testcase name="getAgentPageTest" time="6.909" classname="seleniumTest.DesiredListPageTest"/>
  <testcase name="TitleOfListTest" time="0.108" classname="seleniumTest.DesiredListPageTest"/>
</testsuite> <!-- seleniumTest.DesiredListPageTest -->
