<?xml version="1.0" encoding="UTF-8"?>
<!-- Generated by org.testng.reporters.JUnitReportReporter -->
<testsuite hostname="DESKTOP-BEBO489" name="seleniumTest.SearchListPageTest" tests="5" failures="0" timestamp="9 Sep 2020 22:22:33 GMT" time="4.437" errors="0">
  <testcase name="FifthListTest" time="2.700" classname="seleniumTest.SearchListPageTest"/>
  <testcase name="ClickFifthProperty" time="1.541" classname="seleniumTest.SearchListPageTest"/>
  <testcase name="ListDescOrderTest" time="0.002" classname="seleniumTest.SearchListPageTest"/>
  <testcase name="SearchListPageTitleTest" time="0.175" classname="seleniumTest.SearchListPageTest"/>
  <testcase name="fifthListNegativeTest" time="0.019" classname="seleniumTest.SearchListPageTest"/>
</testsuite> <!-- seleniumTest.SearchListPageTest -->
