<?xml version="1.0" encoding="UTF-8"?>
<!-- Generated by org.testng.reporters.JUnitReportReporter -->
<testsuite hostname="DESKTOP-BEBO489" name="seleniumTest.HomePageTest" tests="3" failures="0" timestamp="9 Sep 2020 22:22:33 GMT" time="2.395" errors="0">
  <testcase name="ZooplaLogoTest" time="0.089" classname="seleniumTest.HomePageTest"/>
  <testcase name="HomePageTitleTest" time="0.043" classname="seleniumTest.HomePageTest"/>
  <testcase name="SearchLocationInputTest" time="2.263" classname="seleniumTest.HomePageTest"/>
</testsuite> <!-- seleniumTest.HomePageTest -->
