<?xml version="1.0" encoding="UTF-8"?>
<!-- Generated by org.testng.reporters.JUnitReportReporter -->
<testsuite hostname="DESKTOP-BEBO489" name="seleniumTest.HomePageSearchTest" tests="6" failures="0" timestamp="9 Sep 2020 14:20:07 GMT" time="51.172" errors="0">
  <testcase name="searchDataInputTest" time="10.091" classname="seleniumTest.HomePageSearchTest"/>
  <testcase name="searchDataInputTest" time="8.060" classname="seleniumTest.HomePageSearchTest"/>
  <testcase name="searchDataInputTest" time="8.122" classname="seleniumTest.HomePageSearchTest"/>
  <testcase name="searchDataInputTest" time="8.808" classname="seleniumTest.HomePageSearchTest"/>
  <testcase name="searchDataInputTest" time="7.579" classname="seleniumTest.HomePageSearchTest"/>
  <testcase name="searchDataInputTest" time="8.512" classname="seleniumTest.HomePageSearchTest"/>
</testsuite> <!-- seleniumTest.HomePageSearchTest -->
